2024-12-11 10:09:42.7157|DEBUG|AuthServiceAPI.Program|init main
2024-12-11 10:09:43.4366|DEBUG|Microsoft.AspNetCore.Mvc.ModelBinding.ModelBinderFactory|Registered model binder providers, in the following order: Microsoft.AspNetCore.Mvc.ModelBinding.Binders.BinderTypeModelBinderProvider, Microsoft.AspNetCore.Mvc.ModelBinding.Binders.ServicesModelBinderProvider, Microsoft.AspNetCore.Mvc.ModelBinding.Binders.BodyModelBinderProvider, Microsoft.AspNetCore.Mvc.ModelBinding.Binders.HeaderModelBinderProvider, Microsoft.AspNetCore.Mvc.ModelBinding.Binders.FloatingPointTypeModelBinderProvider, Microsoft.AspNetCore.Mvc.ModelBinding.Binders.EnumTypeModelBinderProvider, Microsoft.AspNetCore.Mvc.ModelBinding.Binders.DateTimeModelBinderProvider, Microsoft.AspNetCore.Mvc.ModelBinding.Binders.SimpleTypeModelBinderProvider, Microsoft.AspNetCore.Mvc.ModelBinding.Binders.TryParseModelBinderProvider, Microsoft.AspNetCore.Mvc.ModelBinding.Binders.CancellationTokenModelBinderProvider, Microsoft.AspNetCore.Mvc.ModelBinding.Binders.ByteArrayModelBinderProvider, Microsoft.AspNetCore.Mvc.ModelBinding.Binders.FormFileModelBinderProvider, Microsoft.AspNetCore.Mvc.ModelBinding.Binders.FormCollectionModelBinderProvider, Microsoft.AspNetCore.Mvc.ModelBinding.Binders.KeyValuePairModelBinderProvider, Microsoft.AspNetCore.Mvc.ModelBinding.Binders.DictionaryModelBinderProvider, Microsoft.AspNetCore.Mvc.ModelBinding.Binders.ArrayModelBinderProvider, Microsoft.AspNetCore.Mvc.ModelBinding.Binders.CollectionModelBinderProvider, Microsoft.AspNetCore.Mvc.ModelBinding.Binders.ComplexObjectModelBinderProvider
2024-12-11 10:09:43.7283|DEBUG|Microsoft.Extensions.Hosting.Internal.Host|Hosting starting
2024-12-11 10:09:43.7525|INFO|Microsoft.AspNetCore.DataProtection.KeyManagement.XmlKeyManager|User profile is available. Using 'C:\Users\Charm\AppData\Local\ASP.NET\DataProtection-Keys' as key repository and Windows DPAPI to encrypt keys at rest.
2024-12-11 10:09:43.7679|DEBUG|Microsoft.AspNetCore.DataProtection.Repositories.FileSystemXmlRepository|Reading data from file 'C:\Users\Charm\AppData\Local\ASP.NET\DataProtection-Keys\key-8f65138f-3815-4e09-9533-26b57338807f.xml'.
2024-12-11 10:09:43.8548|DEBUG|Microsoft.AspNetCore.DataProtection.Repositories.FileSystemXmlRepository|Reading data from file 'C:\Users\Charm\AppData\Local\ASP.NET\DataProtection-Keys\key-90ba071f-20fe-4459-97e5-b7a751bd27d3.xml'.
2024-12-11 10:09:43.8764|DEBUG|Microsoft.AspNetCore.DataProtection.Repositories.FileSystemXmlRepository|Reading data from file 'C:\Users\Charm\AppData\Local\ASP.NET\DataProtection-Keys\key-c3d0ec41-5833-461a-9e02-0f72f934872d.xml'.
2024-12-11 10:09:43.9016|DEBUG|Microsoft.AspNetCore.DataProtection.Repositories.FileSystemXmlRepository|Reading data from file 'C:\Users\Charm\AppData\Local\ASP.NET\DataProtection-Keys\key-de35c86b-4d7d-40b3-8be4-29b28b3af5ce.xml'.
2024-12-11 10:09:43.9328|DEBUG|Microsoft.AspNetCore.DataProtection.KeyManagement.XmlKeyManager|Found key {8f65138f-3815-4e09-9533-26b57338807f}.
2024-12-11 10:09:43.9328|DEBUG|Microsoft.AspNetCore.DataProtection.KeyManagement.XmlKeyManager|Found key {90ba071f-20fe-4459-97e5-b7a751bd27d3}.
2024-12-11 10:09:43.9328|DEBUG|Microsoft.AspNetCore.DataProtection.KeyManagement.XmlKeyManager|Found key {c3d0ec41-5833-461a-9e02-0f72f934872d}.
2024-12-11 10:09:43.9328|DEBUG|Microsoft.AspNetCore.DataProtection.KeyManagement.XmlKeyManager|Found key {de35c86b-4d7d-40b3-8be4-29b28b3af5ce}.
2024-12-11 10:09:43.9328|DEBUG|Microsoft.AspNetCore.DataProtection.KeyManagement.DefaultKeyResolver|Considering key {c3d0ec41-5833-461a-9e02-0f72f934872d} with expiration date 2025-01-30 10:55:41Z as default key.
2024-12-11 10:09:43.9487|DEBUG|Microsoft.AspNetCore.DataProtection.TypeForwardingActivator|Forwarded activator type request from Microsoft.AspNetCore.DataProtection.XmlEncryption.DpapiXmlDecryptor, Microsoft.AspNetCore.DataProtection, Version=8.0.0.0, Culture=neutral, PublicKeyToken=adb9793829ddae60 to Microsoft.AspNetCore.DataProtection.XmlEncryption.DpapiXmlDecryptor, Microsoft.AspNetCore.DataProtection, Culture=neutral, PublicKeyToken=adb9793829ddae60
2024-12-11 10:09:43.9487|DEBUG|Microsoft.AspNetCore.DataProtection.XmlEncryption.DpapiXmlDecryptor|Decrypting secret element using Windows DPAPI.
2024-12-11 10:09:43.9487|DEBUG|Microsoft.AspNetCore.DataProtection.TypeForwardingActivator|Forwarded activator type request from Microsoft.AspNetCore.DataProtection.AuthenticatedEncryption.ConfigurationModel.AuthenticatedEncryptorDescriptorDeserializer, Microsoft.AspNetCore.DataProtection, Version=8.0.0.0, Culture=neutral, PublicKeyToken=adb9793829ddae60 to Microsoft.AspNetCore.DataProtection.AuthenticatedEncryption.ConfigurationModel.AuthenticatedEncryptorDescriptorDeserializer, Microsoft.AspNetCore.DataProtection, Culture=neutral, PublicKeyToken=adb9793829ddae60
2024-12-11 10:09:43.9487|DEBUG|Microsoft.AspNetCore.DataProtection.AuthenticatedEncryption.CngCbcAuthenticatedEncryptorFactory|Opening CNG algorithm 'AES' from provider '(null)' with chaining mode CBC.
2024-12-11 10:09:43.9487|DEBUG|Microsoft.AspNetCore.DataProtection.AuthenticatedEncryption.CngCbcAuthenticatedEncryptorFactory|Opening CNG algorithm 'SHA256' from provider '(null)' with HMAC.
2024-12-11 10:09:43.9487|DEBUG|Microsoft.AspNetCore.DataProtection.KeyManagement.KeyRingProvider|Using key {c3d0ec41-5833-461a-9e02-0f72f934872d} as the default key.
2024-12-11 10:09:43.9487|DEBUG|Microsoft.AspNetCore.DataProtection.Internal.DataProtectionHostedService|Key ring with default key {c3d0ec41-5833-461a-9e02-0f72f934872d} was loaded during application startup.
2024-12-11 10:09:44.0349|INFO|Microsoft.Hosting.Lifetime|Now listening on: http://localhost:5070
2024-12-11 10:09:44.0349|DEBUG|Microsoft.AspNetCore.Hosting.Diagnostics|Loaded hosting startup assembly AuthServiceAPI
2024-12-11 10:09:44.0349|INFO|Microsoft.Hosting.Lifetime|Application started. Press Ctrl+C to shut down.
2024-12-11 10:09:44.0349|INFO|Microsoft.Hosting.Lifetime|Hosting environment: Development
2024-12-11 10:09:44.0349|INFO|Microsoft.Hosting.Lifetime|Content root path: C:\Users\Charm\Documents\GrønogOlsen\AuthService\AuthService\AuthServiceAPI
2024-12-11 10:09:44.0349|DEBUG|Microsoft.Extensions.Hosting.Internal.Host|Hosting started
2024-12-11 10:21:25.4983|WARN|Microsoft.AspNetCore.Server.Kestrel|As of "12/11/2024 09:21:25 +00:00", the heartbeat has been running for "00:00:02.8368054" which is longer than "00:00:01". This could be caused by thread pool starvation.
2024-12-11 10:22:37.0519|INFO|Microsoft.Hosting.Lifetime|Application is shutting down...
2024-12-11 10:22:37.0594|DEBUG|Microsoft.Extensions.Hosting.Internal.Host|Hosting stopping
2024-12-11 10:22:37.1425|DEBUG|Microsoft.Extensions.Hosting.Internal.Host|Hosting stopped
2024-12-11 10:25:38.9665|DEBUG|AuthServiceAPI.Program|init main
2024-12-11 10:25:39.4330|DEBUG|Microsoft.AspNetCore.Mvc.ModelBinding.ModelBinderFactory|Registered model binder providers, in the following order: Microsoft.AspNetCore.Mvc.ModelBinding.Binders.BinderTypeModelBinderProvider, Microsoft.AspNetCore.Mvc.ModelBinding.Binders.ServicesModelBinderProvider, Microsoft.AspNetCore.Mvc.ModelBinding.Binders.BodyModelBinderProvider, Microsoft.AspNetCore.Mvc.ModelBinding.Binders.HeaderModelBinderProvider, Microsoft.AspNetCore.Mvc.ModelBinding.Binders.FloatingPointTypeModelBinderProvider, Microsoft.AspNetCore.Mvc.ModelBinding.Binders.EnumTypeModelBinderProvider, Microsoft.AspNetCore.Mvc.ModelBinding.Binders.DateTimeModelBinderProvider, Microsoft.AspNetCore.Mvc.ModelBinding.Binders.SimpleTypeModelBinderProvider, Microsoft.AspNetCore.Mvc.ModelBinding.Binders.TryParseModelBinderProvider, Microsoft.AspNetCore.Mvc.ModelBinding.Binders.CancellationTokenModelBinderProvider, Microsoft.AspNetCore.Mvc.ModelBinding.Binders.ByteArrayModelBinderProvider, Microsoft.AspNetCore.Mvc.ModelBinding.Binders.FormFileModelBinderProvider, Microsoft.AspNetCore.Mvc.ModelBinding.Binders.FormCollectionModelBinderProvider, Microsoft.AspNetCore.Mvc.ModelBinding.Binders.KeyValuePairModelBinderProvider, Microsoft.AspNetCore.Mvc.ModelBinding.Binders.DictionaryModelBinderProvider, Microsoft.AspNetCore.Mvc.ModelBinding.Binders.ArrayModelBinderProvider, Microsoft.AspNetCore.Mvc.ModelBinding.Binders.CollectionModelBinderProvider, Microsoft.AspNetCore.Mvc.ModelBinding.Binders.ComplexObjectModelBinderProvider
2024-12-11 10:25:39.4893|DEBUG|Microsoft.Extensions.Hosting.Internal.Host|Hosting starting
2024-12-11 10:25:39.5098|INFO|Microsoft.AspNetCore.DataProtection.KeyManagement.XmlKeyManager|User profile is available. Using 'C:\Users\Charm\AppData\Local\ASP.NET\DataProtection-Keys' as key repository and Windows DPAPI to encrypt keys at rest.
2024-12-11 10:25:39.5275|DEBUG|Microsoft.AspNetCore.DataProtection.Repositories.FileSystemXmlRepository|Reading data from file 'C:\Users\Charm\AppData\Local\ASP.NET\DataProtection-Keys\key-8f65138f-3815-4e09-9533-26b57338807f.xml'.
2024-12-11 10:25:39.5275|DEBUG|Microsoft.AspNetCore.DataProtection.Repositories.FileSystemXmlRepository|Reading data from file 'C:\Users\Charm\AppData\Local\ASP.NET\DataProtection-Keys\key-90ba071f-20fe-4459-97e5-b7a751bd27d3.xml'.
2024-12-11 10:25:39.5275|DEBUG|Microsoft.AspNetCore.DataProtection.Repositories.FileSystemXmlRepository|Reading data from file 'C:\Users\Charm\AppData\Local\ASP.NET\DataProtection-Keys\key-c3d0ec41-5833-461a-9e02-0f72f934872d.xml'.
2024-12-11 10:25:39.5275|DEBUG|Microsoft.AspNetCore.DataProtection.Repositories.FileSystemXmlRepository|Reading data from file 'C:\Users\Charm\AppData\Local\ASP.NET\DataProtection-Keys\key-de35c86b-4d7d-40b3-8be4-29b28b3af5ce.xml'.
2024-12-11 10:25:39.5447|DEBUG|Microsoft.AspNetCore.DataProtection.KeyManagement.XmlKeyManager|Found key {8f65138f-3815-4e09-9533-26b57338807f}.
2024-12-11 10:25:39.5447|DEBUG|Microsoft.AspNetCore.DataProtection.KeyManagement.XmlKeyManager|Found key {90ba071f-20fe-4459-97e5-b7a751bd27d3}.
2024-12-11 10:25:39.5447|DEBUG|Microsoft.AspNetCore.DataProtection.KeyManagement.XmlKeyManager|Found key {c3d0ec41-5833-461a-9e02-0f72f934872d}.
2024-12-11 10:25:39.5447|DEBUG|Microsoft.AspNetCore.DataProtection.KeyManagement.XmlKeyManager|Found key {de35c86b-4d7d-40b3-8be4-29b28b3af5ce}.
2024-12-11 10:25:39.5596|DEBUG|Microsoft.AspNetCore.DataProtection.KeyManagement.DefaultKeyResolver|Considering key {c3d0ec41-5833-461a-9e02-0f72f934872d} with expiration date 2025-01-30 10:55:41Z as default key.
2024-12-11 10:25:39.5596|DEBUG|Microsoft.AspNetCore.DataProtection.TypeForwardingActivator|Forwarded activator type request from Microsoft.AspNetCore.DataProtection.XmlEncryption.DpapiXmlDecryptor, Microsoft.AspNetCore.DataProtection, Version=8.0.0.0, Culture=neutral, PublicKeyToken=adb9793829ddae60 to Microsoft.AspNetCore.DataProtection.XmlEncryption.DpapiXmlDecryptor, Microsoft.AspNetCore.DataProtection, Culture=neutral, PublicKeyToken=adb9793829ddae60
2024-12-11 10:25:39.5596|DEBUG|Microsoft.AspNetCore.DataProtection.XmlEncryption.DpapiXmlDecryptor|Decrypting secret element using Windows DPAPI.
2024-12-11 10:25:39.5596|DEBUG|Microsoft.AspNetCore.DataProtection.TypeForwardingActivator|Forwarded activator type request from Microsoft.AspNetCore.DataProtection.AuthenticatedEncryption.ConfigurationModel.AuthenticatedEncryptorDescriptorDeserializer, Microsoft.AspNetCore.DataProtection, Version=8.0.0.0, Culture=neutral, PublicKeyToken=adb9793829ddae60 to Microsoft.AspNetCore.DataProtection.AuthenticatedEncryption.ConfigurationModel.AuthenticatedEncryptorDescriptorDeserializer, Microsoft.AspNetCore.DataProtection, Culture=neutral, PublicKeyToken=adb9793829ddae60
2024-12-11 10:25:39.5596|DEBUG|Microsoft.AspNetCore.DataProtection.AuthenticatedEncryption.CngCbcAuthenticatedEncryptorFactory|Opening CNG algorithm 'AES' from provider '(null)' with chaining mode CBC.
2024-12-11 10:25:39.5596|DEBUG|Microsoft.AspNetCore.DataProtection.AuthenticatedEncryption.CngCbcAuthenticatedEncryptorFactory|Opening CNG algorithm 'SHA256' from provider '(null)' with HMAC.
2024-12-11 10:25:39.5596|DEBUG|Microsoft.AspNetCore.DataProtection.KeyManagement.KeyRingProvider|Using key {c3d0ec41-5833-461a-9e02-0f72f934872d} as the default key.
2024-12-11 10:25:39.5596|DEBUG|Microsoft.AspNetCore.DataProtection.Internal.DataProtectionHostedService|Key ring with default key {c3d0ec41-5833-461a-9e02-0f72f934872d} was loaded during application startup.
2024-12-11 10:25:39.6244|INFO|Microsoft.Hosting.Lifetime|Now listening on: http://localhost:5070
2024-12-11 10:25:39.6244|DEBUG|Microsoft.AspNetCore.Hosting.Diagnostics|Loaded hosting startup assembly AuthServiceAPI
2024-12-11 10:25:39.6244|INFO|Microsoft.Hosting.Lifetime|Application started. Press Ctrl+C to shut down.
2024-12-11 10:25:39.6244|INFO|Microsoft.Hosting.Lifetime|Hosting environment: Development
2024-12-11 10:25:39.6244|INFO|Microsoft.Hosting.Lifetime|Content root path: C:\Users\Charm\Documents\GrønogOlsen\AuthService\AuthService\AuthServiceAPI
2024-12-11 10:25:39.6244|DEBUG|Microsoft.Extensions.Hosting.Internal.Host|Hosting started
2024-12-11 10:27:51.0263|INFO|Microsoft.Hosting.Lifetime|Application is shutting down...
2024-12-11 10:27:51.0263|DEBUG|Microsoft.Extensions.Hosting.Internal.Host|Hosting stopping
2024-12-11 10:27:51.1063|DEBUG|Microsoft.Extensions.Hosting.Internal.Host|Hosting stopped
2024-12-11 10:29:15.9815|DEBUG|AuthServiceAPI.Program|init main
2024-12-11 10:29:16.4056|DEBUG|Microsoft.AspNetCore.Mvc.ModelBinding.ModelBinderFactory|Registered model binder providers, in the following order: Microsoft.AspNetCore.Mvc.ModelBinding.Binders.BinderTypeModelBinderProvider, Microsoft.AspNetCore.Mvc.ModelBinding.Binders.ServicesModelBinderProvider, Microsoft.AspNetCore.Mvc.ModelBinding.Binders.BodyModelBinderProvider, Microsoft.AspNetCore.Mvc.ModelBinding.Binders.HeaderModelBinderProvider, Microsoft.AspNetCore.Mvc.ModelBinding.Binders.FloatingPointTypeModelBinderProvider, Microsoft.AspNetCore.Mvc.ModelBinding.Binders.EnumTypeModelBinderProvider, Microsoft.AspNetCore.Mvc.ModelBinding.Binders.DateTimeModelBinderProvider, Microsoft.AspNetCore.Mvc.ModelBinding.Binders.SimpleTypeModelBinderProvider, Microsoft.AspNetCore.Mvc.ModelBinding.Binders.TryParseModelBinderProvider, Microsoft.AspNetCore.Mvc.ModelBinding.Binders.CancellationTokenModelBinderProvider, Microsoft.AspNetCore.Mvc.ModelBinding.Binders.ByteArrayModelBinderProvider, Microsoft.AspNetCore.Mvc.ModelBinding.Binders.FormFileModelBinderProvider, Microsoft.AspNetCore.Mvc.ModelBinding.Binders.FormCollectionModelBinderProvider, Microsoft.AspNetCore.Mvc.ModelBinding.Binders.KeyValuePairModelBinderProvider, Microsoft.AspNetCore.Mvc.ModelBinding.Binders.DictionaryModelBinderProvider, Microsoft.AspNetCore.Mvc.ModelBinding.Binders.ArrayModelBinderProvider, Microsoft.AspNetCore.Mvc.ModelBinding.Binders.CollectionModelBinderProvider, Microsoft.AspNetCore.Mvc.ModelBinding.Binders.ComplexObjectModelBinderProvider
2024-12-11 10:29:16.4690|DEBUG|Microsoft.Extensions.Hosting.Internal.Host|Hosting starting
2024-12-11 10:29:16.5024|INFO|Microsoft.AspNetCore.DataProtection.KeyManagement.XmlKeyManager|User profile is available. Using 'C:\Users\Charm\AppData\Local\ASP.NET\DataProtection-Keys' as key repository and Windows DPAPI to encrypt keys at rest.
2024-12-11 10:29:16.5246|DEBUG|Microsoft.AspNetCore.DataProtection.Repositories.FileSystemXmlRepository|Reading data from file 'C:\Users\Charm\AppData\Local\ASP.NET\DataProtection-Keys\key-8f65138f-3815-4e09-9533-26b57338807f.xml'.
2024-12-11 10:29:16.5276|DEBUG|Microsoft.AspNetCore.DataProtection.Repositories.FileSystemXmlRepository|Reading data from file 'C:\Users\Charm\AppData\Local\ASP.NET\DataProtection-Keys\key-90ba071f-20fe-4459-97e5-b7a751bd27d3.xml'.
2024-12-11 10:29:16.5276|DEBUG|Microsoft.AspNetCore.DataProtection.Repositories.FileSystemXmlRepository|Reading data from file 'C:\Users\Charm\AppData\Local\ASP.NET\DataProtection-Keys\key-c3d0ec41-5833-461a-9e02-0f72f934872d.xml'.
2024-12-11 10:29:16.5276|DEBUG|Microsoft.AspNetCore.DataProtection.Repositories.FileSystemXmlRepository|Reading data from file 'C:\Users\Charm\AppData\Local\ASP.NET\DataProtection-Keys\key-de35c86b-4d7d-40b3-8be4-29b28b3af5ce.xml'.
2024-12-11 10:29:16.5425|DEBUG|Microsoft.AspNetCore.DataProtection.KeyManagement.XmlKeyManager|Found key {8f65138f-3815-4e09-9533-26b57338807f}.
2024-12-11 10:29:16.5425|DEBUG|Microsoft.AspNetCore.DataProtection.KeyManagement.XmlKeyManager|Found key {90ba071f-20fe-4459-97e5-b7a751bd27d3}.
2024-12-11 10:29:16.5425|DEBUG|Microsoft.AspNetCore.DataProtection.KeyManagement.XmlKeyManager|Found key {c3d0ec41-5833-461a-9e02-0f72f934872d}.
2024-12-11 10:29:16.5425|DEBUG|Microsoft.AspNetCore.DataProtection.KeyManagement.XmlKeyManager|Found key {de35c86b-4d7d-40b3-8be4-29b28b3af5ce}.
2024-12-11 10:29:16.5425|DEBUG|Microsoft.AspNetCore.DataProtection.KeyManagement.DefaultKeyResolver|Considering key {c3d0ec41-5833-461a-9e02-0f72f934872d} with expiration date 2025-01-30 10:55:41Z as default key.
2024-12-11 10:29:16.5586|DEBUG|Microsoft.AspNetCore.DataProtection.TypeForwardingActivator|Forwarded activator type request from Microsoft.AspNetCore.DataProtection.XmlEncryption.DpapiXmlDecryptor, Microsoft.AspNetCore.DataProtection, Version=8.0.0.0, Culture=neutral, PublicKeyToken=adb9793829ddae60 to Microsoft.AspNetCore.DataProtection.XmlEncryption.DpapiXmlDecryptor, Microsoft.AspNetCore.DataProtection, Culture=neutral, PublicKeyToken=adb9793829ddae60
2024-12-11 10:29:16.5586|DEBUG|Microsoft.AspNetCore.DataProtection.XmlEncryption.DpapiXmlDecryptor|Decrypting secret element using Windows DPAPI.
2024-12-11 10:29:16.5586|DEBUG|Microsoft.AspNetCore.DataProtection.TypeForwardingActivator|Forwarded activator type request from Microsoft.AspNetCore.DataProtection.AuthenticatedEncryption.ConfigurationModel.AuthenticatedEncryptorDescriptorDeserializer, Microsoft.AspNetCore.DataProtection, Version=8.0.0.0, Culture=neutral, PublicKeyToken=adb9793829ddae60 to Microsoft.AspNetCore.DataProtection.AuthenticatedEncryption.ConfigurationModel.AuthenticatedEncryptorDescriptorDeserializer, Microsoft.AspNetCore.DataProtection, Culture=neutral, PublicKeyToken=adb9793829ddae60
2024-12-11 10:29:16.5586|DEBUG|Microsoft.AspNetCore.DataProtection.AuthenticatedEncryption.CngCbcAuthenticatedEncryptorFactory|Opening CNG algorithm 'AES' from provider '(null)' with chaining mode CBC.
2024-12-11 10:29:16.5586|DEBUG|Microsoft.AspNetCore.DataProtection.AuthenticatedEncryption.CngCbcAuthenticatedEncryptorFactory|Opening CNG algorithm 'SHA256' from provider '(null)' with HMAC.
2024-12-11 10:29:16.5586|DEBUG|Microsoft.AspNetCore.DataProtection.KeyManagement.KeyRingProvider|Using key {c3d0ec41-5833-461a-9e02-0f72f934872d} as the default key.
2024-12-11 10:29:16.5586|DEBUG|Microsoft.AspNetCore.DataProtection.Internal.DataProtectionHostedService|Key ring with default key {c3d0ec41-5833-461a-9e02-0f72f934872d} was loaded during application startup.
2024-12-11 10:29:16.6282|INFO|Microsoft.Hosting.Lifetime|Now listening on: http://localhost:5070
2024-12-11 10:29:16.6282|DEBUG|Microsoft.AspNetCore.Hosting.Diagnostics|Loaded hosting startup assembly AuthServiceAPI
2024-12-11 10:29:16.6282|INFO|Microsoft.Hosting.Lifetime|Application started. Press Ctrl+C to shut down.
2024-12-11 10:29:16.6282|INFO|Microsoft.Hosting.Lifetime|Hosting environment: Development
2024-12-11 10:29:16.6282|INFO|Microsoft.Hosting.Lifetime|Content root path: C:\Users\Charm\Documents\GrønogOlsen\AuthService\AuthService\AuthServiceAPI
2024-12-11 10:29:16.6282|DEBUG|Microsoft.Extensions.Hosting.Internal.Host|Hosting started
2024-12-11 10:34:38.9492|INFO|Microsoft.Hosting.Lifetime|Application is shutting down...
2024-12-11 10:34:38.9492|DEBUG|Microsoft.Extensions.Hosting.Internal.Host|Hosting stopping
2024-12-11 10:34:39.0801|DEBUG|Microsoft.Extensions.Hosting.Internal.Host|Hosting stopped
2024-12-11 10:52:48.8719|DEBUG|AuthServiceAPI.Program|init main
2024-12-11 10:52:49.1196|DEBUG|Microsoft.AspNetCore.Mvc.ModelBinding.ModelBinderFactory|Registered model binder providers, in the following order: Microsoft.AspNetCore.Mvc.ModelBinding.Binders.BinderTypeModelBinderProvider, Microsoft.AspNetCore.Mvc.ModelBinding.Binders.ServicesModelBinderProvider, Microsoft.AspNetCore.Mvc.ModelBinding.Binders.BodyModelBinderProvider, Microsoft.AspNetCore.Mvc.ModelBinding.Binders.HeaderModelBinderProvider, Microsoft.AspNetCore.Mvc.ModelBinding.Binders.FloatingPointTypeModelBinderProvider, Microsoft.AspNetCore.Mvc.ModelBinding.Binders.EnumTypeModelBinderProvider, Microsoft.AspNetCore.Mvc.ModelBinding.Binders.DateTimeModelBinderProvider, Microsoft.AspNetCore.Mvc.ModelBinding.Binders.SimpleTypeModelBinderProvider, Microsoft.AspNetCore.Mvc.ModelBinding.Binders.TryParseModelBinderProvider, Microsoft.AspNetCore.Mvc.ModelBinding.Binders.CancellationTokenModelBinderProvider, Microsoft.AspNetCore.Mvc.ModelBinding.Binders.ByteArrayModelBinderProvider, Microsoft.AspNetCore.Mvc.ModelBinding.Binders.FormFileModelBinderProvider, Microsoft.AspNetCore.Mvc.ModelBinding.Binders.FormCollectionModelBinderProvider, Microsoft.AspNetCore.Mvc.ModelBinding.Binders.KeyValuePairModelBinderProvider, Microsoft.AspNetCore.Mvc.ModelBinding.Binders.DictionaryModelBinderProvider, Microsoft.AspNetCore.Mvc.ModelBinding.Binders.ArrayModelBinderProvider, Microsoft.AspNetCore.Mvc.ModelBinding.Binders.CollectionModelBinderProvider, Microsoft.AspNetCore.Mvc.ModelBinding.Binders.ComplexObjectModelBinderProvider
2024-12-11 10:52:49.1645|DEBUG|Microsoft.Extensions.Hosting.Internal.Host|Hosting starting
2024-12-11 10:52:49.1874|INFO|Microsoft.AspNetCore.DataProtection.KeyManagement.XmlKeyManager|User profile is available. Using 'C:\Users\Charm\AppData\Local\ASP.NET\DataProtection-Keys' as key repository and Windows DPAPI to encrypt keys at rest.
2024-12-11 10:52:49.2028|DEBUG|Microsoft.AspNetCore.DataProtection.Repositories.FileSystemXmlRepository|Reading data from file 'C:\Users\Charm\AppData\Local\ASP.NET\DataProtection-Keys\key-8f65138f-3815-4e09-9533-26b57338807f.xml'.
2024-12-11 10:52:49.2028|DEBUG|Microsoft.AspNetCore.DataProtection.Repositories.FileSystemXmlRepository|Reading data from file 'C:\Users\Charm\AppData\Local\ASP.NET\DataProtection-Keys\key-90ba071f-20fe-4459-97e5-b7a751bd27d3.xml'.
2024-12-11 10:52:49.2028|DEBUG|Microsoft.AspNetCore.DataProtection.Repositories.FileSystemXmlRepository|Reading data from file 'C:\Users\Charm\AppData\Local\ASP.NET\DataProtection-Keys\key-c3d0ec41-5833-461a-9e02-0f72f934872d.xml'.
2024-12-11 10:52:49.2028|DEBUG|Microsoft.AspNetCore.DataProtection.Repositories.FileSystemXmlRepository|Reading data from file 'C:\Users\Charm\AppData\Local\ASP.NET\DataProtection-Keys\key-de35c86b-4d7d-40b3-8be4-29b28b3af5ce.xml'.
2024-12-11 10:52:49.2028|DEBUG|Microsoft.AspNetCore.DataProtection.KeyManagement.XmlKeyManager|Found key {8f65138f-3815-4e09-9533-26b57338807f}.
2024-12-11 10:52:49.2148|DEBUG|Microsoft.AspNetCore.DataProtection.KeyManagement.XmlKeyManager|Found key {90ba071f-20fe-4459-97e5-b7a751bd27d3}.
2024-12-11 10:52:49.2148|DEBUG|Microsoft.AspNetCore.DataProtection.KeyManagement.XmlKeyManager|Found key {c3d0ec41-5833-461a-9e02-0f72f934872d}.
2024-12-11 10:52:49.2148|DEBUG|Microsoft.AspNetCore.DataProtection.KeyManagement.XmlKeyManager|Found key {de35c86b-4d7d-40b3-8be4-29b28b3af5ce}.
2024-12-11 10:52:49.2148|DEBUG|Microsoft.AspNetCore.DataProtection.KeyManagement.DefaultKeyResolver|Considering key {c3d0ec41-5833-461a-9e02-0f72f934872d} with expiration date 2025-01-30 10:55:41Z as default key.
2024-12-11 10:52:49.2148|DEBUG|Microsoft.AspNetCore.DataProtection.TypeForwardingActivator|Forwarded activator type request from Microsoft.AspNetCore.DataProtection.XmlEncryption.DpapiXmlDecryptor, Microsoft.AspNetCore.DataProtection, Version=8.0.0.0, Culture=neutral, PublicKeyToken=adb9793829ddae60 to Microsoft.AspNetCore.DataProtection.XmlEncryption.DpapiXmlDecryptor, Microsoft.AspNetCore.DataProtection, Culture=neutral, PublicKeyToken=adb9793829ddae60
2024-12-11 10:52:49.2292|DEBUG|Microsoft.AspNetCore.DataProtection.XmlEncryption.DpapiXmlDecryptor|Decrypting secret element using Windows DPAPI.
2024-12-11 10:52:49.2292|DEBUG|Microsoft.AspNetCore.DataProtection.TypeForwardingActivator|Forwarded activator type request from Microsoft.AspNetCore.DataProtection.AuthenticatedEncryption.ConfigurationModel.AuthenticatedEncryptorDescriptorDeserializer, Microsoft.AspNetCore.DataProtection, Version=8.0.0.0, Culture=neutral, PublicKeyToken=adb9793829ddae60 to Microsoft.AspNetCore.DataProtection.AuthenticatedEncryption.ConfigurationModel.AuthenticatedEncryptorDescriptorDeserializer, Microsoft.AspNetCore.DataProtection, Culture=neutral, PublicKeyToken=adb9793829ddae60
2024-12-11 10:52:49.2292|DEBUG|Microsoft.AspNetCore.DataProtection.AuthenticatedEncryption.CngCbcAuthenticatedEncryptorFactory|Opening CNG algorithm 'AES' from provider '(null)' with chaining mode CBC.
2024-12-11 10:52:49.2292|DEBUG|Microsoft.AspNetCore.DataProtection.AuthenticatedEncryption.CngCbcAuthenticatedEncryptorFactory|Opening CNG algorithm 'SHA256' from provider '(null)' with HMAC.
2024-12-11 10:52:49.2292|DEBUG|Microsoft.AspNetCore.DataProtection.KeyManagement.KeyRingProvider|Using key {c3d0ec41-5833-461a-9e02-0f72f934872d} as the default key.
2024-12-11 10:52:49.2292|DEBUG|Microsoft.AspNetCore.DataProtection.Internal.DataProtectionHostedService|Key ring with default key {c3d0ec41-5833-461a-9e02-0f72f934872d} was loaded during application startup.
2024-12-11 10:52:49.2709|INFO|Microsoft.Hosting.Lifetime|Now listening on: http://localhost:5070
2024-12-11 10:52:49.2709|DEBUG|Microsoft.AspNetCore.Hosting.Diagnostics|Loaded hosting startup assembly AuthServiceAPI
2024-12-11 10:52:49.2709|INFO|Microsoft.Hosting.Lifetime|Application started. Press Ctrl+C to shut down.
2024-12-11 10:52:49.2709|INFO|Microsoft.Hosting.Lifetime|Hosting environment: Development
2024-12-11 10:52:49.2709|INFO|Microsoft.Hosting.Lifetime|Content root path: C:\Users\Charm\Documents\GrønogOlsen\AuthService\AuthService\AuthServiceAPI
2024-12-11 10:52:49.2709|DEBUG|Microsoft.Extensions.Hosting.Internal.Host|Hosting started
2024-12-11 11:01:10.3232|INFO|Microsoft.Hosting.Lifetime|Application is shutting down...
2024-12-11 11:01:10.3232|DEBUG|Microsoft.Extensions.Hosting.Internal.Host|Hosting stopping
2024-12-11 11:01:10.4189|DEBUG|Microsoft.Extensions.Hosting.Internal.Host|Hosting stopped
2024-12-11 11:02:22.3471|DEBUG|AuthServiceAPI.Program|init main
2024-12-11 11:02:22.8554|DEBUG|Microsoft.AspNetCore.Mvc.ModelBinding.ModelBinderFactory|Registered model binder providers, in the following order: Microsoft.AspNetCore.Mvc.ModelBinding.Binders.BinderTypeModelBinderProvider, Microsoft.AspNetCore.Mvc.ModelBinding.Binders.ServicesModelBinderProvider, Microsoft.AspNetCore.Mvc.ModelBinding.Binders.BodyModelBinderProvider, Microsoft.AspNetCore.Mvc.ModelBinding.Binders.HeaderModelBinderProvider, Microsoft.AspNetCore.Mvc.ModelBinding.Binders.FloatingPointTypeModelBinderProvider, Microsoft.AspNetCore.Mvc.ModelBinding.Binders.EnumTypeModelBinderProvider, Microsoft.AspNetCore.Mvc.ModelBinding.Binders.DateTimeModelBinderProvider, Microsoft.AspNetCore.Mvc.ModelBinding.Binders.SimpleTypeModelBinderProvider, Microsoft.AspNetCore.Mvc.ModelBinding.Binders.TryParseModelBinderProvider, Microsoft.AspNetCore.Mvc.ModelBinding.Binders.CancellationTokenModelBinderProvider, Microsoft.AspNetCore.Mvc.ModelBinding.Binders.ByteArrayModelBinderProvider, Microsoft.AspNetCore.Mvc.ModelBinding.Binders.FormFileModelBinderProvider, Microsoft.AspNetCore.Mvc.ModelBinding.Binders.FormCollectionModelBinderProvider, Microsoft.AspNetCore.Mvc.ModelBinding.Binders.KeyValuePairModelBinderProvider, Microsoft.AspNetCore.Mvc.ModelBinding.Binders.DictionaryModelBinderProvider, Microsoft.AspNetCore.Mvc.ModelBinding.Binders.ArrayModelBinderProvider, Microsoft.AspNetCore.Mvc.ModelBinding.Binders.CollectionModelBinderProvider, Microsoft.AspNetCore.Mvc.ModelBinding.Binders.ComplexObjectModelBinderProvider
2024-12-11 11:02:22.9166|DEBUG|Microsoft.Extensions.Hosting.Internal.Host|Hosting starting
2024-12-11 11:02:22.9423|INFO|Microsoft.AspNetCore.DataProtection.KeyManagement.XmlKeyManager|User profile is available. Using 'C:\Users\Charm\AppData\Local\ASP.NET\DataProtection-Keys' as key repository and Windows DPAPI to encrypt keys at rest.
2024-12-11 11:02:22.9605|DEBUG|Microsoft.AspNetCore.DataProtection.Repositories.FileSystemXmlRepository|Reading data from file 'C:\Users\Charm\AppData\Local\ASP.NET\DataProtection-Keys\key-8f65138f-3815-4e09-9533-26b57338807f.xml'.
2024-12-11 11:02:22.9633|DEBUG|Microsoft.AspNetCore.DataProtection.Repositories.FileSystemXmlRepository|Reading data from file 'C:\Users\Charm\AppData\Local\ASP.NET\DataProtection-Keys\key-90ba071f-20fe-4459-97e5-b7a751bd27d3.xml'.
2024-12-11 11:02:22.9633|DEBUG|Microsoft.AspNetCore.DataProtection.Repositories.FileSystemXmlRepository|Reading data from file 'C:\Users\Charm\AppData\Local\ASP.NET\DataProtection-Keys\key-c3d0ec41-5833-461a-9e02-0f72f934872d.xml'.
2024-12-11 11:02:22.9633|DEBUG|Microsoft.AspNetCore.DataProtection.Repositories.FileSystemXmlRepository|Reading data from file 'C:\Users\Charm\AppData\Local\ASP.NET\DataProtection-Keys\key-de35c86b-4d7d-40b3-8be4-29b28b3af5ce.xml'.
2024-12-11 11:02:22.9633|DEBUG|Microsoft.AspNetCore.DataProtection.KeyManagement.XmlKeyManager|Found key {8f65138f-3815-4e09-9533-26b57338807f}.
2024-12-11 11:02:22.9814|DEBUG|Microsoft.AspNetCore.DataProtection.KeyManagement.XmlKeyManager|Found key {90ba071f-20fe-4459-97e5-b7a751bd27d3}.
2024-12-11 11:02:22.9814|DEBUG|Microsoft.AspNetCore.DataProtection.KeyManagement.XmlKeyManager|Found key {c3d0ec41-5833-461a-9e02-0f72f934872d}.
2024-12-11 11:02:22.9814|DEBUG|Microsoft.AspNetCore.DataProtection.KeyManagement.XmlKeyManager|Found key {de35c86b-4d7d-40b3-8be4-29b28b3af5ce}.
2024-12-11 11:02:22.9974|DEBUG|Microsoft.AspNetCore.DataProtection.KeyManagement.DefaultKeyResolver|Considering key {c3d0ec41-5833-461a-9e02-0f72f934872d} with expiration date 2025-01-30 10:55:41Z as default key.
2024-12-11 11:02:22.9974|DEBUG|Microsoft.AspNetCore.DataProtection.TypeForwardingActivator|Forwarded activator type request from Microsoft.AspNetCore.DataProtection.XmlEncryption.DpapiXmlDecryptor, Microsoft.AspNetCore.DataProtection, Version=8.0.0.0, Culture=neutral, PublicKeyToken=adb9793829ddae60 to Microsoft.AspNetCore.DataProtection.XmlEncryption.DpapiXmlDecryptor, Microsoft.AspNetCore.DataProtection, Culture=neutral, PublicKeyToken=adb9793829ddae60
2024-12-11 11:02:22.9974|DEBUG|Microsoft.AspNetCore.DataProtection.XmlEncryption.DpapiXmlDecryptor|Decrypting secret element using Windows DPAPI.
2024-12-11 11:02:22.9974|DEBUG|Microsoft.AspNetCore.DataProtection.TypeForwardingActivator|Forwarded activator type request from Microsoft.AspNetCore.DataProtection.AuthenticatedEncryption.ConfigurationModel.AuthenticatedEncryptorDescriptorDeserializer, Microsoft.AspNetCore.DataProtection, Version=8.0.0.0, Culture=neutral, PublicKeyToken=adb9793829ddae60 to Microsoft.AspNetCore.DataProtection.AuthenticatedEncryption.ConfigurationModel.AuthenticatedEncryptorDescriptorDeserializer, Microsoft.AspNetCore.DataProtection, Culture=neutral, PublicKeyToken=adb9793829ddae60
2024-12-11 11:02:23.0113|DEBUG|Microsoft.AspNetCore.DataProtection.AuthenticatedEncryption.CngCbcAuthenticatedEncryptorFactory|Opening CNG algorithm 'AES' from provider '(null)' with chaining mode CBC.
2024-12-11 11:02:23.0113|DEBUG|Microsoft.AspNetCore.DataProtection.AuthenticatedEncryption.CngCbcAuthenticatedEncryptorFactory|Opening CNG algorithm 'SHA256' from provider '(null)' with HMAC.
2024-12-11 11:02:23.0113|DEBUG|Microsoft.AspNetCore.DataProtection.KeyManagement.KeyRingProvider|Using key {c3d0ec41-5833-461a-9e02-0f72f934872d} as the default key.
2024-12-11 11:02:23.0113|DEBUG|Microsoft.AspNetCore.DataProtection.Internal.DataProtectionHostedService|Key ring with default key {c3d0ec41-5833-461a-9e02-0f72f934872d} was loaded during application startup.
2024-12-11 11:02:23.0695|INFO|Microsoft.Hosting.Lifetime|Now listening on: http://localhost:5070
2024-12-11 11:02:23.0695|DEBUG|Microsoft.AspNetCore.Hosting.Diagnostics|Loaded hosting startup assembly AuthServiceAPI
2024-12-11 11:02:23.0695|INFO|Microsoft.Hosting.Lifetime|Application started. Press Ctrl+C to shut down.
2024-12-11 11:02:23.0695|INFO|Microsoft.Hosting.Lifetime|Hosting environment: Development
2024-12-11 11:02:23.0695|INFO|Microsoft.Hosting.Lifetime|Content root path: C:\Users\Charm\Documents\GrønogOlsen\AuthService\AuthService\AuthServiceAPI
2024-12-11 11:02:23.0725|DEBUG|Microsoft.Extensions.Hosting.Internal.Host|Hosting started
2024-12-11 11:02:59.8185|INFO|Microsoft.Hosting.Lifetime|Application is shutting down...
2024-12-11 11:02:59.8185|DEBUG|Microsoft.Extensions.Hosting.Internal.Host|Hosting stopping
2024-12-11 11:02:59.8439|DEBUG|Microsoft.Extensions.Hosting.Internal.Host|Hosting stopped
2024-12-11 11:03:40.5994|DEBUG|AuthServiceAPI.Program|init main
2024-12-11 11:03:40.8823|DEBUG|Microsoft.AspNetCore.Mvc.ModelBinding.ModelBinderFactory|Registered model binder providers, in the following order: Microsoft.AspNetCore.Mvc.ModelBinding.Binders.BinderTypeModelBinderProvider, Microsoft.AspNetCore.Mvc.ModelBinding.Binders.ServicesModelBinderProvider, Microsoft.AspNetCore.Mvc.ModelBinding.Binders.BodyModelBinderProvider, Microsoft.AspNetCore.Mvc.ModelBinding.Binders.HeaderModelBinderProvider, Microsoft.AspNetCore.Mvc.ModelBinding.Binders.FloatingPointTypeModelBinderProvider, Microsoft.AspNetCore.Mvc.ModelBinding.Binders.EnumTypeModelBinderProvider, Microsoft.AspNetCore.Mvc.ModelBinding.Binders.DateTimeModelBinderProvider, Microsoft.AspNetCore.Mvc.ModelBinding.Binders.SimpleTypeModelBinderProvider, Microsoft.AspNetCore.Mvc.ModelBinding.Binders.TryParseModelBinderProvider, Microsoft.AspNetCore.Mvc.ModelBinding.Binders.CancellationTokenModelBinderProvider, Microsoft.AspNetCore.Mvc.ModelBinding.Binders.ByteArrayModelBinderProvider, Microsoft.AspNetCore.Mvc.ModelBinding.Binders.FormFileModelBinderProvider, Microsoft.AspNetCore.Mvc.ModelBinding.Binders.FormCollectionModelBinderProvider, Microsoft.AspNetCore.Mvc.ModelBinding.Binders.KeyValuePairModelBinderProvider, Microsoft.AspNetCore.Mvc.ModelBinding.Binders.DictionaryModelBinderProvider, Microsoft.AspNetCore.Mvc.ModelBinding.Binders.ArrayModelBinderProvider, Microsoft.AspNetCore.Mvc.ModelBinding.Binders.CollectionModelBinderProvider, Microsoft.AspNetCore.Mvc.ModelBinding.Binders.ComplexObjectModelBinderProvider
2024-12-11 11:03:40.9397|DEBUG|Microsoft.Extensions.Hosting.Internal.Host|Hosting starting
2024-12-11 11:03:40.9649|INFO|Microsoft.AspNetCore.DataProtection.KeyManagement.XmlKeyManager|User profile is available. Using 'C:\Users\Charm\AppData\Local\ASP.NET\DataProtection-Keys' as key repository and Windows DPAPI to encrypt keys at rest.
2024-12-11 11:03:40.9851|DEBUG|Microsoft.AspNetCore.DataProtection.Repositories.FileSystemXmlRepository|Reading data from file 'C:\Users\Charm\AppData\Local\ASP.NET\DataProtection-Keys\key-8f65138f-3815-4e09-9533-26b57338807f.xml'.
2024-12-11 11:03:40.9851|DEBUG|Microsoft.AspNetCore.DataProtection.Repositories.FileSystemXmlRepository|Reading data from file 'C:\Users\Charm\AppData\Local\ASP.NET\DataProtection-Keys\key-90ba071f-20fe-4459-97e5-b7a751bd27d3.xml'.
2024-12-11 11:03:40.9851|DEBUG|Microsoft.AspNetCore.DataProtection.Repositories.FileSystemXmlRepository|Reading data from file 'C:\Users\Charm\AppData\Local\ASP.NET\DataProtection-Keys\key-c3d0ec41-5833-461a-9e02-0f72f934872d.xml'.
2024-12-11 11:03:40.9851|DEBUG|Microsoft.AspNetCore.DataProtection.Repositories.FileSystemXmlRepository|Reading data from file 'C:\Users\Charm\AppData\Local\ASP.NET\DataProtection-Keys\key-de35c86b-4d7d-40b3-8be4-29b28b3af5ce.xml'.
2024-12-11 11:03:40.9992|DEBUG|Microsoft.AspNetCore.DataProtection.KeyManagement.XmlKeyManager|Found key {8f65138f-3815-4e09-9533-26b57338807f}.
2024-12-11 11:03:40.9992|DEBUG|Microsoft.AspNetCore.DataProtection.KeyManagement.XmlKeyManager|Found key {90ba071f-20fe-4459-97e5-b7a751bd27d3}.
2024-12-11 11:03:40.9992|DEBUG|Microsoft.AspNetCore.DataProtection.KeyManagement.XmlKeyManager|Found key {c3d0ec41-5833-461a-9e02-0f72f934872d}.
2024-12-11 11:03:40.9992|DEBUG|Microsoft.AspNetCore.DataProtection.KeyManagement.XmlKeyManager|Found key {de35c86b-4d7d-40b3-8be4-29b28b3af5ce}.
2024-12-11 11:03:41.0160|DEBUG|Microsoft.AspNetCore.DataProtection.KeyManagement.DefaultKeyResolver|Considering key {c3d0ec41-5833-461a-9e02-0f72f934872d} with expiration date 2025-01-30 10:55:41Z as default key.
2024-12-11 11:03:41.0160|DEBUG|Microsoft.AspNetCore.DataProtection.TypeForwardingActivator|Forwarded activator type request from Microsoft.AspNetCore.DataProtection.XmlEncryption.DpapiXmlDecryptor, Microsoft.AspNetCore.DataProtection, Version=8.0.0.0, Culture=neutral, PublicKeyToken=adb9793829ddae60 to Microsoft.AspNetCore.DataProtection.XmlEncryption.DpapiXmlDecryptor, Microsoft.AspNetCore.DataProtection, Culture=neutral, PublicKeyToken=adb9793829ddae60
2024-12-11 11:03:41.0160|DEBUG|Microsoft.AspNetCore.DataProtection.XmlEncryption.DpapiXmlDecryptor|Decrypting secret element using Windows DPAPI.
2024-12-11 11:03:41.0160|DEBUG|Microsoft.AspNetCore.DataProtection.TypeForwardingActivator|Forwarded activator type request from Microsoft.AspNetCore.DataProtection.AuthenticatedEncryption.ConfigurationModel.AuthenticatedEncryptorDescriptorDeserializer, Microsoft.AspNetCore.DataProtection, Version=8.0.0.0, Culture=neutral, PublicKeyToken=adb9793829ddae60 to Microsoft.AspNetCore.DataProtection.AuthenticatedEncryption.ConfigurationModel.AuthenticatedEncryptorDescriptorDeserializer, Microsoft.AspNetCore.DataProtection, Culture=neutral, PublicKeyToken=adb9793829ddae60
2024-12-11 11:03:41.0160|DEBUG|Microsoft.AspNetCore.DataProtection.AuthenticatedEncryption.CngCbcAuthenticatedEncryptorFactory|Opening CNG algorithm 'AES' from provider '(null)' with chaining mode CBC.
2024-12-11 11:03:41.0270|DEBUG|Microsoft.AspNetCore.DataProtection.AuthenticatedEncryption.CngCbcAuthenticatedEncryptorFactory|Opening CNG algorithm 'SHA256' from provider '(null)' with HMAC.
2024-12-11 11:03:41.0270|DEBUG|Microsoft.AspNetCore.DataProtection.KeyManagement.KeyRingProvider|Using key {c3d0ec41-5833-461a-9e02-0f72f934872d} as the default key.
2024-12-11 11:03:41.0270|DEBUG|Microsoft.AspNetCore.DataProtection.Internal.DataProtectionHostedService|Key ring with default key {c3d0ec41-5833-461a-9e02-0f72f934872d} was loaded during application startup.
2024-12-11 11:03:41.0726|INFO|Microsoft.Hosting.Lifetime|Now listening on: http://localhost:5070
2024-12-11 11:03:41.0726|DEBUG|Microsoft.AspNetCore.Hosting.Diagnostics|Loaded hosting startup assembly AuthServiceAPI
2024-12-11 11:03:41.0726|INFO|Microsoft.Hosting.Lifetime|Application started. Press Ctrl+C to shut down.
2024-12-11 11:03:41.0726|INFO|Microsoft.Hosting.Lifetime|Hosting environment: Development
2024-12-11 11:03:41.0726|INFO|Microsoft.Hosting.Lifetime|Content root path: C:\Users\Charm\Documents\GrønogOlsen\AuthService\AuthService\AuthServiceAPI
2024-12-11 11:03:41.0726|DEBUG|Microsoft.Extensions.Hosting.Internal.Host|Hosting started
2024-12-11 11:06:40.5059|INFO|Microsoft.Hosting.Lifetime|Application is shutting down...
2024-12-11 11:06:40.5059|DEBUG|Microsoft.Extensions.Hosting.Internal.Host|Hosting stopping
2024-12-11 11:06:40.5616|DEBUG|Microsoft.Extensions.Hosting.Internal.Host|Hosting stopped
2024-12-11 11:07:07.6323|DEBUG|AuthServiceAPI.Program|init main
2024-12-11 11:07:07.9721|DEBUG|Microsoft.AspNetCore.Mvc.ModelBinding.ModelBinderFactory|Registered model binder providers, in the following order: Microsoft.AspNetCore.Mvc.ModelBinding.Binders.BinderTypeModelBinderProvider, Microsoft.AspNetCore.Mvc.ModelBinding.Binders.ServicesModelBinderProvider, Microsoft.AspNetCore.Mvc.ModelBinding.Binders.BodyModelBinderProvider, Microsoft.AspNetCore.Mvc.ModelBinding.Binders.HeaderModelBinderProvider, Microsoft.AspNetCore.Mvc.ModelBinding.Binders.FloatingPointTypeModelBinderProvider, Microsoft.AspNetCore.Mvc.ModelBinding.Binders.EnumTypeModelBinderProvider, Microsoft.AspNetCore.Mvc.ModelBinding.Binders.DateTimeModelBinderProvider, Microsoft.AspNetCore.Mvc.ModelBinding.Binders.SimpleTypeModelBinderProvider, Microsoft.AspNetCore.Mvc.ModelBinding.Binders.TryParseModelBinderProvider, Microsoft.AspNetCore.Mvc.ModelBinding.Binders.CancellationTokenModelBinderProvider, Microsoft.AspNetCore.Mvc.ModelBinding.Binders.ByteArrayModelBinderProvider, Microsoft.AspNetCore.Mvc.ModelBinding.Binders.FormFileModelBinderProvider, Microsoft.AspNetCore.Mvc.ModelBinding.Binders.FormCollectionModelBinderProvider, Microsoft.AspNetCore.Mvc.ModelBinding.Binders.KeyValuePairModelBinderProvider, Microsoft.AspNetCore.Mvc.ModelBinding.Binders.DictionaryModelBinderProvider, Microsoft.AspNetCore.Mvc.ModelBinding.Binders.ArrayModelBinderProvider, Microsoft.AspNetCore.Mvc.ModelBinding.Binders.CollectionModelBinderProvider, Microsoft.AspNetCore.Mvc.ModelBinding.Binders.ComplexObjectModelBinderProvider
2024-12-11 11:07:08.0182|DEBUG|Microsoft.Extensions.Hosting.Internal.Host|Hosting starting
2024-12-11 11:07:08.0416|INFO|Microsoft.AspNetCore.DataProtection.KeyManagement.XmlKeyManager|User profile is available. Using 'C:\Users\Charm\AppData\Local\ASP.NET\DataProtection-Keys' as key repository and Windows DPAPI to encrypt keys at rest.
2024-12-11 11:07:08.0601|DEBUG|Microsoft.AspNetCore.DataProtection.Repositories.FileSystemXmlRepository|Reading data from file 'C:\Users\Charm\AppData\Local\ASP.NET\DataProtection-Keys\key-8f65138f-3815-4e09-9533-26b57338807f.xml'.
2024-12-11 11:07:08.0601|DEBUG|Microsoft.AspNetCore.DataProtection.Repositories.FileSystemXmlRepository|Reading data from file 'C:\Users\Charm\AppData\Local\ASP.NET\DataProtection-Keys\key-90ba071f-20fe-4459-97e5-b7a751bd27d3.xml'.
2024-12-11 11:07:08.0601|DEBUG|Microsoft.AspNetCore.DataProtection.Repositories.FileSystemXmlRepository|Reading data from file 'C:\Users\Charm\AppData\Local\ASP.NET\DataProtection-Keys\key-c3d0ec41-5833-461a-9e02-0f72f934872d.xml'.
2024-12-11 11:07:08.0601|DEBUG|Microsoft.AspNetCore.DataProtection.Repositories.FileSystemXmlRepository|Reading data from file 'C:\Users\Charm\AppData\Local\ASP.NET\DataProtection-Keys\key-de35c86b-4d7d-40b3-8be4-29b28b3af5ce.xml'.
2024-12-11 11:07:08.0762|DEBUG|Microsoft.AspNetCore.DataProtection.KeyManagement.XmlKeyManager|Found key {8f65138f-3815-4e09-9533-26b57338807f}.
2024-12-11 11:07:08.0762|DEBUG|Microsoft.AspNetCore.DataProtection.KeyManagement.XmlKeyManager|Found key {90ba071f-20fe-4459-97e5-b7a751bd27d3}.
2024-12-11 11:07:08.0762|DEBUG|Microsoft.AspNetCore.DataProtection.KeyManagement.XmlKeyManager|Found key {c3d0ec41-5833-461a-9e02-0f72f934872d}.
2024-12-11 11:07:08.0762|DEBUG|Microsoft.AspNetCore.DataProtection.KeyManagement.XmlKeyManager|Found key {de35c86b-4d7d-40b3-8be4-29b28b3af5ce}.
2024-12-11 11:07:08.0880|DEBUG|Microsoft.AspNetCore.DataProtection.KeyManagement.DefaultKeyResolver|Considering key {c3d0ec41-5833-461a-9e02-0f72f934872d} with expiration date 2025-01-30 10:55:41Z as default key.
2024-12-11 11:07:08.0880|DEBUG|Microsoft.AspNetCore.DataProtection.TypeForwardingActivator|Forwarded activator type request from Microsoft.AspNetCore.DataProtection.XmlEncryption.DpapiXmlDecryptor, Microsoft.AspNetCore.DataProtection, Version=8.0.0.0, Culture=neutral, PublicKeyToken=adb9793829ddae60 to Microsoft.AspNetCore.DataProtection.XmlEncryption.DpapiXmlDecryptor, Microsoft.AspNetCore.DataProtection, Culture=neutral, PublicKeyToken=adb9793829ddae60
2024-12-11 11:07:08.0880|DEBUG|Microsoft.AspNetCore.DataProtection.XmlEncryption.DpapiXmlDecryptor|Decrypting secret element using Windows DPAPI.
2024-12-11 11:07:08.0880|DEBUG|Microsoft.AspNetCore.DataProtection.TypeForwardingActivator|Forwarded activator type request from Microsoft.AspNetCore.DataProtection.AuthenticatedEncryption.ConfigurationModel.AuthenticatedEncryptorDescriptorDeserializer, Microsoft.AspNetCore.DataProtection, Version=8.0.0.0, Culture=neutral, PublicKeyToken=adb9793829ddae60 to Microsoft.AspNetCore.DataProtection.AuthenticatedEncryption.ConfigurationModel.AuthenticatedEncryptorDescriptorDeserializer, Microsoft.AspNetCore.DataProtection, Culture=neutral, PublicKeyToken=adb9793829ddae60
2024-12-11 11:07:08.0880|DEBUG|Microsoft.AspNetCore.DataProtection.AuthenticatedEncryption.CngCbcAuthenticatedEncryptorFactory|Opening CNG algorithm 'AES' from provider '(null)' with chaining mode CBC.
2024-12-11 11:07:08.0880|DEBUG|Microsoft.AspNetCore.DataProtection.AuthenticatedEncryption.CngCbcAuthenticatedEncryptorFactory|Opening CNG algorithm 'SHA256' from provider '(null)' with HMAC.
2024-12-11 11:07:08.0880|DEBUG|Microsoft.AspNetCore.DataProtection.KeyManagement.KeyRingProvider|Using key {c3d0ec41-5833-461a-9e02-0f72f934872d} as the default key.
2024-12-11 11:07:08.0880|DEBUG|Microsoft.AspNetCore.DataProtection.Internal.DataProtectionHostedService|Key ring with default key {c3d0ec41-5833-461a-9e02-0f72f934872d} was loaded during application startup.
2024-12-11 11:07:08.1456|INFO|Microsoft.Hosting.Lifetime|Now listening on: http://localhost:5070
2024-12-11 11:07:08.1456|DEBUG|Microsoft.AspNetCore.Hosting.Diagnostics|Loaded hosting startup assembly AuthServiceAPI
2024-12-11 11:07:08.1456|INFO|Microsoft.Hosting.Lifetime|Application started. Press Ctrl+C to shut down.
2024-12-11 11:07:08.1456|INFO|Microsoft.Hosting.Lifetime|Hosting environment: Development
2024-12-11 11:07:08.1456|INFO|Microsoft.Hosting.Lifetime|Content root path: C:\Users\Charm\Documents\GrønogOlsen\AuthService\AuthService\AuthServiceAPI
2024-12-11 11:07:08.1456|DEBUG|Microsoft.Extensions.Hosting.Internal.Host|Hosting started
2024-12-11 11:14:13.7895|INFO|Microsoft.Hosting.Lifetime|Application is shutting down...
2024-12-11 11:14:13.7913|DEBUG|Microsoft.Extensions.Hosting.Internal.Host|Hosting stopping
2024-12-11 11:14:13.8644|DEBUG|Microsoft.Extensions.Hosting.Internal.Host|Hosting stopped
2024-12-11 11:14:31.5455|DEBUG|AuthServiceAPI.Program|init main
2024-12-11 11:14:31.8560|DEBUG|Microsoft.AspNetCore.Mvc.ModelBinding.ModelBinderFactory|Registered model binder providers, in the following order: Microsoft.AspNetCore.Mvc.ModelBinding.Binders.BinderTypeModelBinderProvider, Microsoft.AspNetCore.Mvc.ModelBinding.Binders.ServicesModelBinderProvider, Microsoft.AspNetCore.Mvc.ModelBinding.Binders.BodyModelBinderProvider, Microsoft.AspNetCore.Mvc.ModelBinding.Binders.HeaderModelBinderProvider, Microsoft.AspNetCore.Mvc.ModelBinding.Binders.FloatingPointTypeModelBinderProvider, Microsoft.AspNetCore.Mvc.ModelBinding.Binders.EnumTypeModelBinderProvider, Microsoft.AspNetCore.Mvc.ModelBinding.Binders.DateTimeModelBinderProvider, Microsoft.AspNetCore.Mvc.ModelBinding.Binders.SimpleTypeModelBinderProvider, Microsoft.AspNetCore.Mvc.ModelBinding.Binders.TryParseModelBinderProvider, Microsoft.AspNetCore.Mvc.ModelBinding.Binders.CancellationTokenModelBinderProvider, Microsoft.AspNetCore.Mvc.ModelBinding.Binders.ByteArrayModelBinderProvider, Microsoft.AspNetCore.Mvc.ModelBinding.Binders.FormFileModelBinderProvider, Microsoft.AspNetCore.Mvc.ModelBinding.Binders.FormCollectionModelBinderProvider, Microsoft.AspNetCore.Mvc.ModelBinding.Binders.KeyValuePairModelBinderProvider, Microsoft.AspNetCore.Mvc.ModelBinding.Binders.DictionaryModelBinderProvider, Microsoft.AspNetCore.Mvc.ModelBinding.Binders.ArrayModelBinderProvider, Microsoft.AspNetCore.Mvc.ModelBinding.Binders.CollectionModelBinderProvider, Microsoft.AspNetCore.Mvc.ModelBinding.Binders.ComplexObjectModelBinderProvider
2024-12-11 11:14:31.9174|DEBUG|Microsoft.Extensions.Hosting.Internal.Host|Hosting starting
2024-12-11 11:14:31.9459|INFO|Microsoft.AspNetCore.DataProtection.KeyManagement.XmlKeyManager|User profile is available. Using 'C:\Users\Charm\AppData\Local\ASP.NET\DataProtection-Keys' as key repository and Windows DPAPI to encrypt keys at rest.
2024-12-11 11:14:31.9647|DEBUG|Microsoft.AspNetCore.DataProtection.Repositories.FileSystemXmlRepository|Reading data from file 'C:\Users\Charm\AppData\Local\ASP.NET\DataProtection-Keys\key-8f65138f-3815-4e09-9533-26b57338807f.xml'.
2024-12-11 11:14:31.9647|DEBUG|Microsoft.AspNetCore.DataProtection.Repositories.FileSystemXmlRepository|Reading data from file 'C:\Users\Charm\AppData\Local\ASP.NET\DataProtection-Keys\key-90ba071f-20fe-4459-97e5-b7a751bd27d3.xml'.
2024-12-11 11:14:31.9647|DEBUG|Microsoft.AspNetCore.DataProtection.Repositories.FileSystemXmlRepository|Reading data from file 'C:\Users\Charm\AppData\Local\ASP.NET\DataProtection-Keys\key-c3d0ec41-5833-461a-9e02-0f72f934872d.xml'.
2024-12-11 11:14:31.9647|DEBUG|Microsoft.AspNetCore.DataProtection.Repositories.FileSystemXmlRepository|Reading data from file 'C:\Users\Charm\AppData\Local\ASP.NET\DataProtection-Keys\key-de35c86b-4d7d-40b3-8be4-29b28b3af5ce.xml'.
2024-12-11 11:14:31.9797|DEBUG|Microsoft.AspNetCore.DataProtection.KeyManagement.XmlKeyManager|Found key {8f65138f-3815-4e09-9533-26b57338807f}.
2024-12-11 11:14:31.9797|DEBUG|Microsoft.AspNetCore.DataProtection.KeyManagement.XmlKeyManager|Found key {90ba071f-20fe-4459-97e5-b7a751bd27d3}.
2024-12-11 11:14:31.9797|DEBUG|Microsoft.AspNetCore.DataProtection.KeyManagement.XmlKeyManager|Found key {c3d0ec41-5833-461a-9e02-0f72f934872d}.
2024-12-11 11:14:31.9797|DEBUG|Microsoft.AspNetCore.DataProtection.KeyManagement.XmlKeyManager|Found key {de35c86b-4d7d-40b3-8be4-29b28b3af5ce}.
2024-12-11 11:14:31.9797|DEBUG|Microsoft.AspNetCore.DataProtection.KeyManagement.DefaultKeyResolver|Considering key {c3d0ec41-5833-461a-9e02-0f72f934872d} with expiration date 2025-01-30 10:55:41Z as default key.
2024-12-11 11:14:31.9969|DEBUG|Microsoft.AspNetCore.DataProtection.TypeForwardingActivator|Forwarded activator type request from Microsoft.AspNetCore.DataProtection.XmlEncryption.DpapiXmlDecryptor, Microsoft.AspNetCore.DataProtection, Version=8.0.0.0, Culture=neutral, PublicKeyToken=adb9793829ddae60 to Microsoft.AspNetCore.DataProtection.XmlEncryption.DpapiXmlDecryptor, Microsoft.AspNetCore.DataProtection, Culture=neutral, PublicKeyToken=adb9793829ddae60
2024-12-11 11:14:31.9969|DEBUG|Microsoft.AspNetCore.DataProtection.XmlEncryption.DpapiXmlDecryptor|Decrypting secret element using Windows DPAPI.
2024-12-11 11:14:31.9969|DEBUG|Microsoft.AspNetCore.DataProtection.TypeForwardingActivator|Forwarded activator type request from Microsoft.AspNetCore.DataProtection.AuthenticatedEncryption.ConfigurationModel.AuthenticatedEncryptorDescriptorDeserializer, Microsoft.AspNetCore.DataProtection, Version=8.0.0.0, Culture=neutral, PublicKeyToken=adb9793829ddae60 to Microsoft.AspNetCore.DataProtection.AuthenticatedEncryption.ConfigurationModel.AuthenticatedEncryptorDescriptorDeserializer, Microsoft.AspNetCore.DataProtection, Culture=neutral, PublicKeyToken=adb9793829ddae60
2024-12-11 11:14:31.9969|DEBUG|Microsoft.AspNetCore.DataProtection.AuthenticatedEncryption.CngCbcAuthenticatedEncryptorFactory|Opening CNG algorithm 'AES' from provider '(null)' with chaining mode CBC.
2024-12-11 11:14:31.9969|DEBUG|Microsoft.AspNetCore.DataProtection.AuthenticatedEncryption.CngCbcAuthenticatedEncryptorFactory|Opening CNG algorithm 'SHA256' from provider '(null)' with HMAC.
2024-12-11 11:14:31.9969|DEBUG|Microsoft.AspNetCore.DataProtection.KeyManagement.KeyRingProvider|Using key {c3d0ec41-5833-461a-9e02-0f72f934872d} as the default key.
2024-12-11 11:14:31.9969|DEBUG|Microsoft.AspNetCore.DataProtection.Internal.DataProtectionHostedService|Key ring with default key {c3d0ec41-5833-461a-9e02-0f72f934872d} was loaded during application startup.
2024-12-11 11:14:32.0549|INFO|Microsoft.Hosting.Lifetime|Now listening on: http://localhost:5070
2024-12-11 11:14:32.0549|DEBUG|Microsoft.AspNetCore.Hosting.Diagnostics|Loaded hosting startup assembly AuthServiceAPI
2024-12-11 11:14:32.0549|INFO|Microsoft.Hosting.Lifetime|Application started. Press Ctrl+C to shut down.
2024-12-11 11:14:32.0549|INFO|Microsoft.Hosting.Lifetime|Hosting environment: Development
2024-12-11 11:14:32.0549|INFO|Microsoft.Hosting.Lifetime|Content root path: C:\Users\Charm\Documents\GrønogOlsen\AuthService\AuthService\AuthServiceAPI
2024-12-11 11:14:32.0549|DEBUG|Microsoft.Extensions.Hosting.Internal.Host|Hosting started
2024-12-11 11:16:48.3998|INFO|Microsoft.Hosting.Lifetime|Application is shutting down...
2024-12-11 11:16:48.4018|DEBUG|Microsoft.Extensions.Hosting.Internal.Host|Hosting stopping
2024-12-11 11:16:48.4195|DEBUG|Microsoft.Extensions.Hosting.Internal.Host|Hosting stopped
